E:\INTERACTION_APP\WIN32\DEBUG\IIRFILTER.OBJ
E:\INTERACTION_APP\WIN32\DEBUG\GESTURELIB.OBJ
E:\INTERACTION_APP\WIN32\DEBUG\GESTUREEDITOR.OBJ
E:\INTERACTION_APP\WIN32\DEBUG\GESTURE.OBJ
E:\INTERACTION_APP\WIN32\DEBUG\DATAPROCESSOR.OBJ
E:\INTERACTION_APP\WIN32\DEBUG\CYCLEQUEUE.OBJ
E:\INTERACTION_APP\WIN32\DEBUG\CAMERAWINDOW.OBJ
E:\INTERACTION_APP\WIN32\DEBUG\AXISCITERION.OBJ
E:\INTERACTION_APP\WIN32\DEBUG\ANGLECITERION.OBJ
E:\INTERACTION_APP\WIN32\DEBUG\MOC_RECOGNIZOR.OBJ
E:\INTERACTION_APP\WIN32\DEBUG\MOC_RALSENSOR.OBJ
E:\INTERACTION_APP\WIN32\DEBUG\MOC_RALPARSER.OBJ
E:\INTERACTION_APP\WIN32\DEBUG\MOC_QCUSTOMPLOT.OBJ
E:\INTERACTION_APP\WIN32\DEBUG\MOC_MOBILEARM.OBJ
E:\INTERACTION_APP\WIN32\DEBUG\MOC_MAINWINDOW.OBJ
E:\INTERACTION_APP\WIN32\DEBUG\MOC_GESTUREEDITOR.OBJ
E:\INTERACTION_APP\WIN32\DEBUG\MOC_DATAPROCESSOR.OBJ
E:\INTERACTION_APP\WIN32\DEBUG\MOC_CAMERAWINDOW.OBJ
E:\INTERACTION_APP\WIN32\DEBUG\MOC_CALIBRATIONWINDOW.OBJ
E:\INTERACTION_APP\WIN32\DEBUG\RECOGNIZOR.OBJ
E:\INTERACTION_APP\WIN32\DEBUG\RALSENSOR.OBJ
E:\INTERACTION_APP\WIN32\DEBUG\RALPARSER.OBJ
E:\INTERACTION_APP\WIN32\DEBUG\RALFILTER.OBJ
E:\INTERACTION_APP\WIN32\DEBUG\QUATERNION.OBJ
E:\INTERACTION_APP\WIN32\DEBUG\QCUSTOMPLOT.OBJ
E:\INTERACTION_APP\WIN32\DEBUG\MOVEMENTCITERION.OBJ
E:\INTERACTION_APP\WIN32\DEBUG\MOVEMENT.OBJ
E:\INTERACTION_APP\WIN32\DEBUG\MOBILEARM.OBJ
E:\INTERACTION_APP\WIN32\DEBUG\MAINWINDOW.OBJ
E:\INTERACTION_APP\WIN32\DEBUG\MAIN.OBJ
E:\INTERACTION_APP\WIN32\DEBUG\CALIBRATIONWINDOW.OBJ
E:\INTERACTION_APP\WIN32\DEBUG\VC110.PDB
E:\INTERACTION_APP\GENERATEDFILES\UI_CALIBRATIONWINDOW.H
E:\INTERACTION_APP\GENERATEDFILES\UI_CAMERAWINDOW.H
E:\INTERACTION_APP\GENERATEDFILES\UI_GESTUREEDITOR.H
E:\INTERACTION_APP\GENERATEDFILES\UI_MAINWINDOW.H
E:\INTERACTION_APP\DEBUG\EMGSERVER.ILK
E:\INTERACTION_APP\DEBUG\EMGSERVER.EXE
E:\INTERACTION_APP\DEBUG\EMGSERVER.PDB
E:\interaction_App\Win32\Debug\angleciterion.obj
E:\interaction_App\Win32\Debug\axisciterion.obj
E:\interaction_App\Win32\Debug\calibrationwindow.obj
E:\interaction_App\Win32\Debug\camerawindow.obj
E:\interaction_App\Win32\Debug\cyclequeue.obj
E:\interaction_App\Win32\Debug\dataprocessor.obj
E:\interaction_App\Win32\Debug\gesture.obj
E:\interaction_App\Win32\Debug\gestureeditor.obj
E:\interaction_App\Win32\Debug\gesturelib.obj
E:\interaction_App\Win32\Debug\iirfilter.obj
E:\interaction_App\Win32\Debug\main.obj
E:\interaction_App\Win32\Debug\mainwindow.obj
E:\interaction_App\Win32\Debug\mobilearm.obj
E:\interaction_App\Win32\Debug\moc_calibrationwindow.obj
E:\interaction_App\Win32\Debug\moc_camerawindow.obj
E:\interaction_App\Win32\Debug\moc_dataprocessor.obj
E:\interaction_App\Win32\Debug\moc_gestureeditor.obj
E:\interaction_App\Win32\Debug\moc_mainwindow.obj
E:\interaction_App\Win32\Debug\moc_mobilearm.obj
E:\interaction_App\Win32\Debug\moc_qcustomplot.obj
E:\interaction_App\Win32\Debug\moc_ralparser.obj
E:\interaction_App\Win32\Debug\moc_ralsensor.obj
E:\interaction_App\Win32\Debug\moc_recognizor.obj
E:\interaction_App\Win32\Debug\movement.obj
E:\interaction_App\Win32\Debug\movementciterion.obj
E:\interaction_App\Win32\Debug\qcustomplot.obj
E:\interaction_App\Win32\Debug\quaternion.obj
E:\interaction_App\Win32\Debug\ralfilter.obj
E:\interaction_App\Win32\Debug\ralparser.obj
E:\interaction_App\Win32\Debug\ralsensor.obj
E:\interaction_App\Win32\Debug\recognizor.obj
E:\interaction_App\Win32\Debug\cl.command.1.tlog
E:\interaction_App\Win32\Debug\CL.read.1.tlog
E:\interaction_App\Win32\Debug\CL.write.1.tlog
E:\interaction_App\Win32\Debug\custombuild.command.1.tlog
E:\interaction_App\Win32\Debug\custombuild.read.1.tlog
E:\interaction_App\Win32\Debug\custombuild.write.1.tlog
E:\interaction_App\Win32\Debug\link-cvtres.read.1.tlog
E:\interaction_App\Win32\Debug\link-cvtres.write.1.tlog
E:\interaction_App\Win32\Debug\link-rc.read.1.tlog
E:\interaction_App\Win32\Debug\link-rc.write.1.tlog
E:\interaction_App\Win32\Debug\link.command.1.tlog
E:\interaction_App\Win32\Debug\link.read.1.tlog
E:\interaction_App\Win32\Debug\link.write.1.tlog
E:\interaction_App\Win32\Debug\vc110.pdb
E:\interaction_App\debug\emgserver.exe
